<?xml version="1.0" encoding="utf-8"?><testsuites name="pytest tests"><testsuite name="pytest" errors="0" failures="0" skipped="0" tests="12" time="2.784" timestamp="2026-07-07T16:33:41.958146+00:00" hostname="agent-env-204d21dc-1671-47e1-9ae9-bbb72d25ebd1"><testcase classname="tests.test_iteration3.TestAggregates" name="test_customers_have_count_value_won" time="0.770" /><testcase classname="tests.test_iteration3.TestConfigure" name="test_default_boq_excludes_receiving_card" time="0.807" /><testcase classname="tests.test_iteration3.TestAggregates" name="test_partners_have_count_value_won" time="0.079" /><testcase classname="tests.test_iteration3.TestConfigure" name="test_toggle_removes_item" time="0.047" /><testcase classname="tests.test_iteration3.TestAggregates" name="test_customer_quotes_endpoint" time="0.070" /><testcase classname="tests.test_iteration3.TestConfigure" name="test_toggle_enables_mcb_ups" time="0.038" /><testcase classname="tests.test_iteration3.TestConfigure" name="test_spare_percent_variable" time="0.074" /><testcase classname="tests.test_iteration3.TestAggregates" name="test_partner_quotes_endpoint" time="0.108" /><testcase classname="tests.test_iteration3.TestQuoteCreation" name="test_admin_creates_quote_with_override_rep_and_partner" time="0.491" /><testcase classname="tests.test_iteration3.TestUsersListing" name="test_sales_executive_can_list_users" time="0.398" /><testcase classname="tests.test_iteration3.TestUsersListing" name="test_admin_can_list_all_users" time="0.078" /><testcase classname="tests.test_iteration3.TestQuoteCreation" name="test_exec_cannot_override_rep" time="0.594" /></testsuite></testsuites>