<?xml version="1.0" encoding="utf-8"?><testsuites name="pytest tests"><testsuite name="pytest" errors="0" failures="1" skipped="0" tests="20" time="2.434" timestamp="2026-07-07T18:30:32.572335+00:00" hostname="agent-env-204d21dc-1671-47e1-9ae9-bbb72d25ebd1"><testcase classname="tests.test_iteration5.TestPowerMCBIndian" name="test_power_small_single_phase" time="0.653" /><testcase classname="tests.test_iteration5.TestRegression" name="test_login_admin" time="0.657" /><testcase classname="tests.test_iteration5.TestPowerMCBIndian" name="test_power_medium" time="0.074" /><testcase classname="tests.test_iteration5.TestRegression" name="test_controllers_list" time="0.047" /><testcase classname="tests.test_iteration5.TestRegression" name="test_products_list" time="0.043" /><testcase classname="tests.test_iteration5.TestPowerMCBIndian" name="test_power_large_three_phase" time="0.072" /><testcase classname="tests.test_iteration5.TestRegression" name="test_dashboard_stats" time="0.048" /><testcase classname="tests.test_iteration5.TestRegression" name="test_meta_roles" time="0.043" /><testcase classname="tests.test_iteration5.TestPowerMCBIndian" name="test_mcb_never_uses_40_50_63" time="0.699" /><testcase classname="tests.test_iteration5.TestRegression" name="test_structural_endpoint" time="0.055" /><testcase classname="tests.test_iteration5.TestControllersCRUD" name="test_create_controller" time="0.087" /><testcase classname="tests.test_iteration5.TestControllersCRUD" name="test_controller_appears_in_list" time="0.164" /><testcase classname="tests.test_iteration5.TestControllersCRUD" name="test_update_controller" time="0.210" /><testcase classname="tests.test_iteration5.TestControllersCRUD" name="test_delete_controller" time="0.137" /><testcase classname="tests.test_iteration5.TestNetworkLooping" name="test_indoor_vertical_looping" time="0.080" /><testcase classname="tests.test_iteration5.TestNetworkLooping" name="test_indoor_vertical_capacity_exceeded" time="0.087" /><testcase classname="tests.test_iteration5.TestQuoteExtended" name="test_quote_get_returns_extended_fields" time="0.186" /><testcase classname="tests.test_iteration5.TestNetworkLooping" name="test_outdoor_horizontal_looping" time="0.035" /><testcase classname="tests.test_iteration5.TestQuoteExtended" name="test_quote_pdf_generates" time="0.055"><failure message="assert 500 == 200&#10; +  where 500 = &lt;Response [500]&gt;.status_code">backend/tests/test_iteration5.py:265: in test_quote_pdf_generates
    assert r.status_code == 200
E   assert 500 == 200
E    +  where 500 = &lt;Response [500]&gt;.status_code</failure></testcase><testcase classname="tests.test_iteration5.TestNetworkLooping" name="test_outdoor_horizontal_capacity_exceeded" time="0.090" /></testsuite></testsuites>