<?xml version="1.0" encoding="utf-8"?><testsuites name="pytest tests"><testsuite name="pytest" errors="0" failures="0" skipped="0" tests="32" time="26.012" timestamp="2026-07-07T17:20:38.345616+00:00" hostname="agent-env-204d21dc-1671-47e1-9ae9-bbb72d25ebd1"><testcase classname="tests.test_iteration4.TestAuthMigration" name="test_super_admin_login" time="0.592" /><testcase classname="tests.test_iteration4.TestAuthMigration" name="test_admin2_login" time="0.482" /><testcase classname="tests.test_iteration4.TestRegression" name="test_products" time="1.074" /><testcase classname="tests.test_iteration4.TestRegression" name="test_customers" time="0.031" /><testcase classname="tests.test_iteration4.TestAuthMigration" name="test_dealer_login" time="0.384" /><testcase classname="tests.test_iteration4.TestRegression" name="test_partners" time="0.075" /><testcase classname="tests.test_iteration4.TestRegression" name="test_quotes_list" time="0.235" /><testcase classname="tests.test_iteration4.TestRegression" name="test_dashboard_stats" time="0.077" /><testcase classname="tests.test_iteration4.TestAuthMigration" name="test_consultant_login" time="0.300" /><testcase classname="tests.test_iteration4.TestRegression" name="test_configure" time="0.266" /><testcase classname="tests.test_iteration4.TestAuthMigration" name="test_customer_login" time="0.337" /><testcase classname="tests.test_iteration4.TestAdminUsers" name="test_create_user" time="0.546" /><testcase classname="tests.test_iteration4.TestAuthMigration" name="test_sales_login_migrated" time="0.516" /><testcase classname="tests.test_iteration4.TestAdminUsers" name="test_login_created_user" time="0.509" /><testcase classname="tests.test_iteration4.TestAuthMigration" name="test_presales_login_migrated" time="0.437" /><testcase classname="tests.test_iteration4.TestAdminUsers" name="test_update_user_role_and_active" time="0.270" /><testcase classname="tests.test_iteration4.TestAdminUsers" name="test_cannot_delete_self" time="0.316" /><testcase classname="tests.test_iteration4.TestControllers" name="test_list_returns_9" time="0.348" /><testcase classname="tests.test_iteration4.TestControllers" name="test_plan_3M_pixels" time="0.079" /><testcase classname="tests.test_iteration4.TestAdminUsers" name="test_zzz_cleanup_delete" time="0.077" /><testcase classname="tests.test_iteration4.TestControllers" name="test_plan_huge_wall" time="0.081" /><testcase classname="tests.test_iteration4.TestProjects" name="test_get_stages" time="0.080" /><testcase classname="tests.test_iteration4.TestAIContent" name="test_content_types" time="0.047" /><testcase classname="tests.test_iteration4.TestProjects" name="test_create_and_move" time="3.892" /><testcase classname="tests.test_iteration4.TestAIContent" name="test_content_generate" time="11.752" /><testcase classname="tests.test_iteration4.TestProjects" name="test_zzz_cleanup" time="0.074" /><testcase classname="tests.test_iteration4.TestMeta" name="test_roles_returns_7" time="0.077" /><testcase classname="tests.test_iteration4.TestPower" name="test_power_three_phase" time="0.077" /><testcase classname="tests.test_iteration4.TestNetwork" name="test_network_basic" time="0.074" /><testcase classname="tests.test_iteration4.TestStructural" name="test_structural_basic" time="0.075" /><testcase classname="tests.test_iteration4.TestAIRender" name="test_scenes" time="0.039" /><testcase classname="tests.test_iteration4.TestAIRender" name="test_render_generate" time="10.078" /></testsuite></testsuites>