<?xml version="1.0" encoding="utf-8"?><testsuites name="pytest tests"><testsuite name="pytest" errors="0" failures="0" skipped="0" tests="9" time="1.243" timestamp="2026-07-04T08:38:40.285299+00:00" hostname="agent-env-204d21dc-1671-47e1-9ae9-bbb72d25ebd1"><testcase classname="tests.test_health_and_smoke.TestExistingEndpointsUnaffected" name="test_auth_login_returns_token" time="0.357" /><testcase classname="tests.test_health_and_smoke.TestHealthEndpoints" name="test_root_health_internal" time="0.003" /><testcase classname="tests.test_health_and_smoke.TestHealthEndpoints" name="test_api_health_public" time="0.353" /><testcase classname="tests.test_health_and_smoke.TestHealthEndpoints" name="test_api_health_internal" time="0.002" /><testcase classname="tests.test_health_and_smoke.TestHealthEndpoints" name="test_health_no_auth_required" time="0.002" /><testcase classname="tests.test_health_and_smoke.TestFrontendReachable" name="test_login_page_html" time="0.036" /><testcase classname="tests.test_health_and_smoke.TestExistingEndpointsUnaffected" name="test_dashboard_stats" time="0.331" /><testcase classname="tests.test_health_and_smoke.TestExistingEndpointsUnaffected" name="test_products_list" time="0.034" /><testcase classname="tests.test_health_and_smoke.TestExistingEndpointsUnaffected" name="test_configure_endpoint" time="0.061" /></testsuite></testsuites>